<?xml version="1.0" encoding="UTF-8"?>
<testsuite name="checkout.CheckoutTest" tests="4" skipped="0" failures="1" errors="0" timestamp="2015-02-25T05:45:37" hostname="ali" time="0.148">
  <properties/>
  <testcase name="overLappingDiscounts" classname="checkout.CheckoutTest" time="0.139">
    <failure message="java.lang.AssertionError: expected:&lt;108&gt; but was:&lt;107&gt;" type="java.lang.AssertionError">java.lang.AssertionError: expected:&lt;108&gt; but was:&lt;107&gt;
	at org.junit.Assert.fail(Assert.java:88)
	at org.junit.Assert.failNotEquals(Assert.java:743)
	at org.junit.Assert.assertEquals(Assert.java:118)
	at org.junit.Assert.assertEquals(Assert.java:555)
	at org.junit.Assert.assertEquals(Assert.java:542)
	at checkout.CheckoutTest.overLappingDiscounts(CheckoutTest.java:87)
	at sun.reflect.NativeMethodAccessorImpl.invoke0(Native Method)
	at sun.reflect.NativeMethodAccessorImpl.invoke(NativeMethodAccessorImpl.java:62)
	at sun.reflect.DelegatingMethodAccessorImpl.invoke(DelegatingMethodAccessorImpl.java:43)
	at java.lang.reflect.Method.invoke(Method.java:483)
	at org.junit.runners.model.FrameworkMethod$1.runReflectiveCall(FrameworkMethod.java:47)
	at org.junit.internal.runners.model.ReflectiveCallable.run(ReflectiveCallable.java:12)
	at org.junit.runners.model.FrameworkMethod.invokeExplosively(FrameworkMethod.java:44)
	at org.junit.internal.runners.statements.InvokeMethod.evaluate(InvokeMethod.java:17)
	at org.junit.internal.runners.statements.RunBefores.evaluate(RunBefores.java:26)
	at org.junit.runners.ParentRunner.runLeaf(ParentRunner.java:271)
	at org.junit.runners.BlockJUnit4ClassRunner.runChild(BlockJUnit4ClassRunner.java:70)
	at org.junit.runners.BlockJUnit4ClassRunner.runChild(BlockJUnit4ClassRunner.java:50)
	at org.junit.runners.ParentRunner$3.run(ParentRunner.java:238)
	at org.junit.runners.ParentRunner$1.schedule(ParentRunner.java:63)
	at org.junit.runners.ParentRunner.runChildren(ParentRunner.java:236)
	at org.junit.runners.ParentRunner.access$000(ParentRunner.java:53)
	at org.junit.runners.ParentRunner$2.evaluate(ParentRunner.java:229)
	at org.junit.runners.ParentRunner.run(ParentRunner.java:309)
	at org.gradle.api.internal.tasks.testing.junit.JUnitTestClassExecuter.runTestClass(JUnitTestClassExecuter.java:86)
	at org.gradle.api.internal.tasks.testing.junit.JUnitTestClassExecuter.execute(JUnitTestClassExecuter.java:49)
	at org.gradle.api.internal.tasks.testing.junit.JUnitTestClassProcessor.processTestClass(JUnitTestClassProcessor.java:69)
	at org.gradle.api.internal.tasks.testing.SuiteTestClassProcessor.processTestClass(SuiteTestClassProcessor.java:48)
	at sun.reflect.NativeMethodAccessorImpl.invoke0(Native Method)
	at sun.reflect.NativeMethodAccessorImpl.invoke(NativeMethodAccessorImpl.java:62)
	at sun.reflect.DelegatingMethodAccessorImpl.invoke(DelegatingMethodAccessorImpl.java:43)
	at java.lang.reflect.Method.invoke(Method.java:483)
	at org.gradle.messaging.dispatch.ReflectionDispatch.dispatch(ReflectionDispatch.java:35)
	at org.gradle.messaging.dispatch.ReflectionDispatch.dispatch(ReflectionDispatch.java:24)
	at org.gradle.messaging.dispatch.ContextClassLoaderDispatch.dispatch(ContextClassLoaderDispatch.java:32)
	at org.gradle.messaging.dispatch.ProxyDispatchAdapter$DispatchingInvocationHandler.invoke(ProxyDispatchAdapter.java:93)
	at com.sun.proxy.$Proxy2.processTestClass(Unknown Source)
	at org.gradle.api.internal.tasks.testing.worker.TestWorker.processTestClass(TestWorker.java:105)
	at sun.reflect.NativeMethodAccessorImpl.invoke0(Native Method)
	at sun.reflect.NativeMethodAccessorImpl.invoke(NativeMethodAccessorImpl.java:62)
	at sun.reflect.DelegatingMethodAccessorImpl.invoke(DelegatingMethodAccessorImpl.java:43)
	at java.lang.reflect.Method.invoke(Method.java:483)
	at org.gradle.messaging.dispatch.ReflectionDispatch.dispatch(ReflectionDispatch.java:35)
	at org.gradle.messaging.dispatch.ReflectionDispatch.dispatch(ReflectionDispatch.java:24)
	at org.gradle.messaging.remote.internal.hub.MessageHub$Handler.run(MessageHub.java:355)
	at org.gradle.internal.concurrent.DefaultExecutorFactory$StoppableExecutorImpl$1.run(DefaultExecutorFactory.java:64)
	at java.util.concurrent.ThreadPoolExecutor.runWorker(ThreadPoolExecutor.java:1142)
	at java.util.concurrent.ThreadPoolExecutor$Worker.run(ThreadPoolExecutor.java:617)
	at java.lang.Thread.run(Thread.java:745)
</failure>
  </testcase>
  <testcase name="noneOverLappingDiscounts" classname="checkout.CheckoutTest" time="0.003"/>
  <testcase name="getTotalBeforeDiscountTest" classname="checkout.CheckoutTest" time="0.001"/>
  <testcase name="getTotalAfterDiscountTest" classname="checkout.CheckoutTest" time="0.001"/>
  <system-out><![CDATA[testItem3     20
freebie     3
freebie     3
freebie     3
freebie     3
testItem2     10
testItem2     10
testItem2     10
testItem4     30
testItem1     10
testItem1     10
testItem1     10
testItem3     20
freebie     3
freebie     3
freebie     3
freebie     3
testItem2     10
testItem2     10
testItem2     10
testItem4     30
testItem1     10
testItem1     10
testItem1     10
Two for one10
Two For Spacial Price5
testItem3     20
freebie     3
freebie     3
freebie     3
freebie     3
testItem2     10
testItem2     10
testItem2     10
testItem4     30
testItem1     10
testItem1     10
testItem1     10
testItem3     20
freebie     3
freebie     3
freebie     3
freebie     3
testItem2     10
testItem2     10
testItem2     10
testItem4     30
testItem1     10
testItem1     10
testItem1     10
Two For Spacial Price5
Buy 3 Get 3 Freebies9
testItem3     20
freebie     3
freebie     3
freebie     3
freebie     3
testItem2     10
testItem2     10
testItem2     10
testItem4     30
testItem1     10
testItem1     10
testItem1     10
testItem3     20
freebie     3
freebie     3
freebie     3
freebie     3
testItem2     10
testItem2     10
testItem2     10
testItem4     30
testItem1     10
testItem1     10
testItem1     10
testItem3     20
freebie     3
freebie     3
freebie     3
freebie     3
testItem2     10
testItem2     10
testItem2     10
testItem4     30
testItem1     10
testItem1     10
testItem1     10
testItem3     20
freebie     3
freebie     3
freebie     3
freebie     3
testItem2     10
testItem2     10
testItem2     10
testItem4     30
testItem1     10
testItem1     10
testItem1     10
Two For Spacial Price5
]]></system-out>
  <system-err><![CDATA[]]></system-err>
</testsuite>
